[3163329.246][module_core]-[32m[Info]-[PsdkCore_Init:76]Payload SDK Version : V2.2.1-beta.0-build.315[0m
[3163329.257][module_command]-[33m[Warn]-[PsdkCommand_ProtParse:568]protocol frame length error[0m
[3163329.753][module_command]-[31m[Error]-[PsdkCommand_SendASyncHandle:866]Command async send error 0[0m
[3163329.753][module_command]-[31m[Error]-[PsdkCommand_SendSync:338]sendSync callback timeout[0m
[3163329.753][module_core]-[31m[Error]-[PsdkCore_WaitAdapterConnection:241]Can't connect to Skyport V2 or X-Port. Probably because PSDK Adapter not power on, PSDK Adapter not finish init or UART connect error. Please check PSDK Adapter connection, UART configuration and UART connection[0m
[3163330.258][module_command]-[33m[Warn]-[PsdkCommand_ProtParse:588]protocol frame crc16 error, exp:0x98BC cur:0xD8BC[0m
[3163330.764][module_command]-[31m[Error]-[PsdkCommand_SendASyncHandle:866]Command async send error 0[0m
[3163330.764][module_command]-[31m[Error]-[PsdkCommand_SendSync:338]sendSync callback timeout[0m
[3163330.764][module_core]-[31m[Error]-[PsdkCore_WaitAdapterConnection:241]Can't connect to Skyport V2 or X-Port. Probably because PSDK Adapter not power on, PSDK Adapter not finish init or UART connect error. Please check PSDK Adapter connection, UART configuration and UART connection[0m
[3163331.269][module_command]-[33m[Warn]-[PsdkCommand_ProtParse:568]protocol frame length error[0m
[3163331.765][module_command]-[31m[Error]-[PsdkCommand_SendASyncHandle:866]Command async send error 0[0m
[3163331.765][module_command]-[31m[Error]-[PsdkCommand_SendSync:338]sendSync callback timeout[0m
[3163331.765][module_core]-[31m[Error]-[PsdkCore_WaitAdapterConnection:241]Can't connect to Skyport V2 or X-Port. Probably because PSDK Adapter not power on, PSDK Adapter not finish init or UART connect error. Please check PSDK Adapter connection, UART configuration and UART connection[0m
[3163332.766][module_command]-[31m[Error]-[PsdkCommand_SendASyncHandle:866]Command async send error 0[0m
[3163332.766][module_command]-[31m[Error]-[PsdkCommand_SendSync:338]sendSync callback timeout[0m
[3163332.766][module_core]-[31m[Error]-[PsdkCore_WaitAdapterConnection:241]Can't connect to Skyport V2 or X-Port. Probably because PSDK Adapter not power on, PSDK Adapter not finish init or UART connect error. Please check PSDK Adapter connection, UART configuration and UART connection[0m
[3163333.778][module_command]-[31m[Error]-[PsdkCommand_SendASyncHandle:866]Command async send error 0[0m
[3163333.778][module_command]-[31m[Error]-[PsdkCommand_SendSync:338]sendSync callback timeout[0m
[3163333.778][module_core]-[31m[Error]-[PsdkCore_WaitAdapterConnection:241]Can't connect to Skyport V2 or X-Port. Probably because PSDK Adapter not power on, PSDK Adapter not finish init or UART connect error. Please check PSDK Adapter connection, UART configuration and UART connection[0m
[3163334.779][module_command]-[31m[Error]-[PsdkCommand_SendASyncHandle:866]Command async send error 0[0m
[3163334.779][module_command]-[31m[Error]-[PsdkCommand_SendSync:338]sendSync callback timeout[0m
[3163334.785][module_core]-[31m[Error]-[PsdkCore_WaitAdapterConnection:241]Can't connect to Skyport V2 or X-Port. Probably because PSDK Adapter not power on, PSDK Adapter not finish init or UART connect error. Please check PSDK Adapter connection, UART configuration and UART connection[0m
[3163335.790][module_command]-[31m[Error]-[PsdkCommand_SendASyncHandle:866]Command async send error 0[0m
[3163335.790][module_command]-[31m[Error]-[PsdkCommand_SendSync:338]sendSync callback timeout[0m
[3163335.790][module_core]-[31m[Error]-[PsdkCore_WaitAdapterConnection:241]Can't connect to Skyport V2 or X-Port. Probably because PSDK Adapter not power on, PSDK Adapter not finish init or UART connect error. Please check PSDK Adapter connection, UART configuration and UART connection[0m
[3163336.791][module_command]-[31m[Error]-[PsdkCommand_SendASyncHandle:866]Command async send error 0[0m
[3163336.791][module_command]-[31m[Error]-[PsdkCommand_SendSync:338]sendSync callback timeout[0m
[3163336.791][module_core]-[31m[Error]-[PsdkCore_WaitAdapterConnection:241]Can't connect to Skyport V2 or X-Port. Probably because PSDK Adapter not power on, PSDK Adapter not finish init or UART connect error. Please check PSDK Adapter connection, UART configuration and UART connection[0m
[3163337.802][module_command]-[31m[Error]-[PsdkCommand_SendASyncHandle:866]Command async send error 0[0m
[3163337.803][module_command]-[31m[Error]-[PsdkCommand_SendSync:338]sendSync callback timeout[0m
[3163337.803][module_core]-[31m[Error]-[PsdkCore_WaitAdapterConnection:241]Can't connect to Skyport V2 or X-Port. Probably because PSDK Adapter not power on, PSDK Adapter not finish init or UART connect error. Please check PSDK Adapter connection, UART configuration and UART connection[0m
[3163338.308][module_command]-[33m[Warn]-[PsdkCommand_ProtParse:577]protocol frame crc8 error[0m
[3163338.804][module_command]-[31m[Error]-[PsdkCommand_SendASyncHandle:866]Command async send error 0[0m
[3163338.804][module_command]-[31m[Error]-[PsdkCommand_SendSync:338]sendSync callback timeout[0m
[3163338.804][module_core]-[31m[Error]-[PsdkCore_WaitAdapterConnection:241]Can't connect to Skyport V2 or X-Port. Probably because PSDK Adapter not power on, PSDK Adapter not finish init or UART connect error. Please check PSDK Adapter connection, UART configuration and UART connection[0m
[3163339.805][module_command]-[31m[Error]-[PsdkCommand_SendASyncHandle:866]Command async send error 0[0m
[3163339.805][module_command]-[31m[Error]-[PsdkCommand_SendSync:338]sendSync callback timeout[0m
[3163339.809][module_core]-[31m[Error]-[PsdkCore_WaitAdapterConnection:241]Can't connect to Skyport V2 or X-Port. Probably because PSDK Adapter not power on, PSDK Adapter not finish init or UART connect error. Please check PSDK Adapter connection, UART configuration and UART connection[0m
