[3155117.208][module_core]-[32m[Info]-[PsdkCore_Init:76]Payload SDK Version : V2.2.1-beta.0-build.315[0m
[3155117.714][module_command]-[31m[Error]-[PsdkCommand_SendASyncHandle:866]Command async send error 0[0m
[3155117.715][module_command]-[31m[Error]-[PsdkCommand_SendSync:338]sendSync callback timeout[0m
[3155117.715][module_core]-[31m[Error]-[PsdkCore_WaitAdapterConnection:241]Can't connect to Skyport V2 or X-Port. Probably because PSDK Adapter not power on, PSDK Adapter not finish init or UART connect error. Please check PSDK Adapter connection, UART configuration and UART connection[0m
[3155118.726][module_command]-[31m[Error]-[PsdkCommand_SendASyncHandle:866]Command async send error 0[0m
[3155118.727][module_command]-[31m[Error]-[PsdkCommand_SendSync:338]sendSync callback timeout[0m
[3155118.728][module_core]-[31m[Error]-[PsdkCore_WaitAdapterConnection:241]Can't connect to Skyport V2 or X-Port. Probably because PSDK Adapter not power on, PSDK Adapter not finish init or UART connect error. Please check PSDK Adapter connection, UART configuration and UART connection[0m
[3155119.738][module_command]-[31m[Error]-[PsdkCommand_SendASyncHandle:866]Command async send error 0[0m
[3155119.738][module_command]-[31m[Error]-[PsdkCommand_SendSync:338]sendSync callback timeout[0m
[3155119.738][module_core]-[31m[Error]-[PsdkCore_WaitAdapterConnection:241]Can't connect to Skyport V2 or X-Port. Probably because PSDK Adapter not power on, PSDK Adapter not finish init or UART connect error. Please check PSDK Adapter connection, UART configuration and UART connection[0m
[3155120.748][module_command]-[31m[Error]-[PsdkCommand_SendASyncHandle:866]Command async send error 0[0m
[3155120.748][module_command]-[31m[Error]-[PsdkCommand_SendSync:338]sendSync callback timeout[0m
[3155120.748][module_core]-[31m[Error]-[PsdkCore_WaitAdapterConnection:241]Can't connect to Skyport V2 or X-Port. Probably because PSDK Adapter not power on, PSDK Adapter not finish init or UART connect error. Please check PSDK Adapter connection, UART configuration and UART connection[0m
[3155121.759][module_command]-[31m[Error]-[PsdkCommand_SendASyncHandle:866]Command async send error 0[0m
[3155121.759][module_command]-[31m[Error]-[PsdkCommand_SendSync:338]sendSync callback timeout[0m
[3155121.760][module_core]-[31m[Error]-[PsdkCore_WaitAdapterConnection:241]Can't connect to Skyport V2 or X-Port. Probably because PSDK Adapter not power on, PSDK Adapter not finish init or UART connect error. Please check PSDK Adapter connection, UART configuration and UART connection[0m
[3155122.771][module_command]-[31m[Error]-[PsdkCommand_SendASyncHandle:866]Command async send error 0[0m
[3155122.772][module_command]-[31m[Error]-[PsdkCommand_SendSync:338]sendSync callback timeout[0m
[3155122.772][module_core]-[31m[Error]-[PsdkCore_WaitAdapterConnection:241]Can't connect to Skyport V2 or X-Port. Probably because PSDK Adapter not power on, PSDK Adapter not finish init or UART connect error. Please check PSDK Adapter connection, UART configuration and UART connection[0m
[3155123.782][module_command]-[31m[Error]-[PsdkCommand_SendASyncHandle:866]Command async send error 0[0m
[3155123.782][module_command]-[31m[Error]-[PsdkCommand_SendSync:338]sendSync callback timeout[0m
[3155123.782][module_core]-[31m[Error]-[PsdkCore_WaitAdapterConnection:241]Can't connect to Skyport V2 or X-Port. Probably because PSDK Adapter not power on, PSDK Adapter not finish init or UART connect error. Please check PSDK Adapter connection, UART configuration and UART connection[0m
[3155124.793][module_command]-[31m[Error]-[PsdkCommand_SendASyncHandle:866]Command async send error 0[0m
[3155124.793][module_command]-[31m[Error]-[PsdkCommand_SendSync:338]sendSync callback timeout[0m
[3155124.793][module_core]-[31m[Error]-[PsdkCore_WaitAdapterConnection:241]Can't connect to Skyport V2 or X-Port. Probably because PSDK Adapter not power on, PSDK Adapter not finish init or UART connect error. Please check PSDK Adapter connection, UART configuration and UART connection[0m
[3155125.804][module_command]-[31m[Error]-[PsdkCommand_SendASyncHandle:866]Command async send error 0[0m
[3155125.804][module_command]-[31m[Error]-[PsdkCommand_SendSync:338]sendSync callback timeout[0m
[3155125.804][module_core]-[31m[Error]-[PsdkCore_WaitAdapterConnection:241]Can't connect to Skyport V2 or X-Port. Probably because PSDK Adapter not power on, PSDK Adapter not finish init or UART connect error. Please check PSDK Adapter connection, UART configuration and UART connection[0m
[3155126.815][module_command]-[31m[Error]-[PsdkCommand_SendASyncHandle:866]Command async send error 0[0m
[3155126.815][module_command]-[31m[Error]-[PsdkCommand_SendSync:338]sendSync callback timeout[0m
[3155126.815][module_core]-[31m[Error]-[PsdkCore_WaitAdapterConnection:241]Can't connect to Skyport V2 or X-Port. Probably because PSDK Adapter not power on, PSDK Adapter not finish init or UART connect error. Please check PSDK Adapter connection, UART configuration and UART connection[0m
[3155127.826][module_command]-[31m[Error]-[PsdkCommand_SendASyncHandle:866]Command async send error 0[0m
[3155127.826][module_command]-[31m[Error]-[PsdkCommand_SendSync:338]sendSync callback timeout[0m
[3155127.826][module_core]-[31m[Error]-[PsdkCore_WaitAdapterConnection:241]Can't connect to Skyport V2 or X-Port. Probably because PSDK Adapter not power on, PSDK Adapter not finish init or UART connect error. Please check PSDK Adapter connection, UART configuration and UART connection[0m
[3155128.827][module_command]-[31m[Error]-[PsdkCommand_SendASyncHandle:866]Command async send error 0[0m
[3155128.827][module_command]-[31m[Error]-[PsdkCommand_SendSync:338]sendSync callback timeout[0m
[3155128.827][module_core]-[31m[Error]-[PsdkCore_WaitAdapterConnection:241]Can't connect to Skyport V2 or X-Port. Probably because PSDK Adapter not power on, PSDK Adapter not finish init or UART connect error. Please check PSDK Adapter connection, UART configuration and UART connection[0m
[3155129.828][module_command]-[31m[Error]-[PsdkCommand_SendASyncHandle:866]Command async send error 0[0m
[3155129.828][module_command]-[31m[Error]-[PsdkCommand_SendSync:338]sendSync callback timeout[0m
[3155129.828][module_core]-[31m[Error]-[PsdkCore_WaitAdapterConnection:241]Can't connect to Skyport V2 or X-Port. Probably because PSDK Adapter not power on, PSDK Adapter not finish init or UART connect error. Please check PSDK Adapter connection, UART configuration and UART connection[0m
[3155130.829][module_command]-[31m[Error]-[PsdkCommand_SendASyncHandle:866]Command async send error 0[0m
[3155130.829][module_command]-[31m[Error]-[PsdkCommand_SendSync:338]sendSync callback timeout[0m
[3155130.829][module_core]-[31m[Error]-[PsdkCore_WaitAdapterConnection:241]Can't connect to Skyport V2 or X-Port. Probably because PSDK Adapter not power on, PSDK Adapter not finish init or UART connect error. Please check PSDK Adapter connection, UART configuration and UART connection[0m
[3155131.839][module_command]-[31m[Error]-[PsdkCommand_SendASyncHandle:866]Command async send error 0[0m
[3155131.840][module_command]-[31m[Error]-[PsdkCommand_SendSync:338]sendSync callback timeout[0m
[3155131.840][module_core]-[31m[Error]-[PsdkCore_WaitAdapterConnection:241]Can't connect to Skyport V2 or X-Port. Probably because PSDK Adapter not power on, PSDK Adapter not finish init or UART connect error. Please check PSDK Adapter connection, UART configuration and UART connection[0m
[3155132.850][module_command]-[31m[Error]-[PsdkCommand_SendASyncHandle:866]Command async send error 0[0m
[3155132.851][module_command]-[31m[Error]-[PsdkCommand_SendSync:338]sendSync callback timeout[0m
[3155132.854][module_core]-[31m[Error]-[PsdkCore_WaitAdapterConnection:241]Can't connect to Skyport V2 or X-Port. Probably because PSDK Adapter not power on, PSDK Adapter not finish init or UART connect error. Please check PSDK Adapter connection, UART configuration and UART connection[0m
[3155133.861][module_command]-[31m[Error]-[PsdkCommand_SendASyncHandle:866]Command async send error 0[0m
[3155133.862][module_command]-[31m[Error]-[PsdkCommand_SendSync:338]sendSync callback timeout[0m
[3155133.863][module_core]-[31m[Error]-[PsdkCore_WaitAdapterConnection:241]Can't connect to Skyport V2 or X-Port. Probably because PSDK Adapter not power on, PSDK Adapter not finish init or UART connect error. Please check PSDK Adapter connection, UART configuration and UART connection[0m
[3155134.873][module_command]-[31m[Error]-[PsdkCommand_SendASyncHandle:866]Command async send error 0[0m
[3155134.874][module_command]-[31m[Error]-[PsdkCommand_SendSync:338]sendSync callback timeout[0m
[3155134.874][module_core]-[31m[Error]-[PsdkCore_WaitAdapterConnection:241]Can't connect to Skyport V2 or X-Port. Probably because PSDK Adapter not power on, PSDK Adapter not finish init or UART connect error. Please check PSDK Adapter connection, UART configuration and UART connection[0m
[3155135.884][module_command]-[31m[Error]-[PsdkCommand_SendASyncHandle:866]Command async send error 0[0m
[3155135.884][module_command]-[31m[Error]-[PsdkCommand_SendSync:338]sendSync callback timeout[0m
[3155135.884][module_core]-[31m[Error]-[PsdkCore_WaitAdapterConnection:241]Can't connect to Skyport V2 or X-Port. Probably because PSDK Adapter not power on, PSDK Adapter not finish init or UART connect error. Please check PSDK Adapter connection, UART configuration and UART connection[0m
[3155136.895][module_command]-[31m[Error]-[PsdkCommand_SendASyncHandle:866]Command async send error 0[0m
[3155136.895][module_command]-[31m[Error]-[PsdkCommand_SendSync:338]sendSync callback timeout[0m
[3155136.895][module_core]-[31m[Error]-[PsdkCore_WaitAdapterConnection:241]Can't connect to Skyport V2 or X-Port. Probably because PSDK Adapter not power on, PSDK Adapter not finish init or UART connect error. Please check PSDK Adapter connection, UART configuration and UART connection[0m
[3155137.896][module_command]-[31m[Error]-[PsdkCommand_SendASyncHandle:866]Command async send error 0[0m
[3155137.896][module_command]-[31m[Error]-[PsdkCommand_SendSync:338]sendSync callback timeout[0m
[3155137.896][module_core]-[31m[Error]-[PsdkCore_WaitAdapterConnection:241]Can't connect to Skyport V2 or X-Port. Probably because PSDK Adapter not power on, PSDK Adapter not finish init or UART connect error. Please check PSDK Adapter connection, UART configuration and UART connection[0m
[3155138.907][module_command]-[31m[Error]-[PsdkCommand_SendASyncHandle:866]Command async send error 0[0m
[3155138.908][module_command]-[31m[Error]-[PsdkCommand_SendSync:338]sendSync callback timeout[0m
[3155138.908][module_core]-[31m[Error]-[PsdkCore_WaitAdapterConnection:241]Can't connect to Skyport V2 or X-Port. Probably because PSDK Adapter not power on, PSDK Adapter not finish init or UART connect error. Please check PSDK Adapter connection, UART configuration and UART connection[0m
[3155139.918][module_command]-[31m[Error]-[PsdkCommand_SendASyncHandle:866]Command async send error 0[0m
[3155139.918][module_command]-[31m[Error]-[PsdkCommand_SendSync:338]sendSync callback timeout[0m
[3155139.919][module_core]-[31m[Error]-[PsdkCore_WaitAdapterConnection:241]Can't connect to Skyport V2 or X-Port. Probably because PSDK Adapter not power on, PSDK Adapter not finish init or UART connect error. Please check PSDK Adapter connection, UART configuration and UART connection[0m
[3155140.929][module_command]-[31m[Error]-[PsdkCommand_SendASyncHandle:866]Command async send error 0[0m
[3155140.930][module_command]-[31m[Error]-[PsdkCommand_SendSync:338]sendSync callback timeout[0m
[3155140.930][module_core]-[31m[Error]-[PsdkCore_WaitAdapterConnection:241]Can't connect to Skyport V2 or X-Port. Probably because PSDK Adapter not power on, PSDK Adapter not finish init or UART connect error. Please check PSDK Adapter connection, UART configuration and UART connection[0m
[3155141.940][module_command]-[31m[Error]-[PsdkCommand_SendASyncHandle:866]Command async send error 0[0m
[3155141.940][module_command]-[31m[Error]-[PsdkCommand_SendSync:338]sendSync callback timeout[0m
[3155141.941][module_core]-[31m[Error]-[PsdkCore_WaitAdapterConnection:241]Can't connect to Skyport V2 or X-Port. Probably because PSDK Adapter not power on, PSDK Adapter not finish init or UART connect error. Please check PSDK Adapter connection, UART configuration and UART connection[0m
[3155142.951][module_command]-[31m[Error]-[PsdkCommand_SendASyncHandle:866]Command async send error 0[0m
[3155142.951][module_command]-[31m[Error]-[PsdkCommand_SendSync:338]sendSync callback timeout[0m
[3155142.951][module_core]-[31m[Error]-[PsdkCore_WaitAdapterConnection:241]Can't connect to Skyport V2 or X-Port. Probably because PSDK Adapter not power on, PSDK Adapter not finish init or UART connect error. Please check PSDK Adapter connection, UART configuration and UART connection[0m
[3155143.952][module_command]-[31m[Error]-[PsdkCommand_SendASyncHandle:866]Command async send error 0[0m
[3155143.952][module_command]-[31m[Error]-[PsdkCommand_SendSync:338]sendSync callback timeout[0m
[3155143.952][module_core]-[31m[Error]-[PsdkCore_WaitAdapterConnection:241]Can't connect to Skyport V2 or X-Port. Probably because PSDK Adapter not power on, PSDK Adapter not finish init or UART connect error. Please check PSDK Adapter connection, UART configuration and UART connection[0m
[3155144.962][module_command]-[31m[Error]-[PsdkCommand_SendASyncHandle:866]Command async send error 0[0m
[3155144.963][module_command]-[31m[Error]-[PsdkCommand_SendSync:338]sendSync callback timeout[0m
[3155144.963][module_core]-[31m[Error]-[PsdkCore_WaitAdapterConnection:241]Can't connect to Skyport V2 or X-Port. Probably because PSDK Adapter not power on, PSDK Adapter not finish init or UART connect error. Please check PSDK Adapter connection, UART configuration and UART connection[0m
[3155145.973][module_command]-[31m[Error]-[PsdkCommand_SendASyncHandle:866]Command async send error 0[0m
[3155145.973][module_command]-[31m[Error]-[PsdkCommand_SendSync:338]sendSync callback timeout[0m
[3155145.974][module_core]-[31m[Error]-[PsdkCore_WaitAdapterConnection:241]Can't connect to Skyport V2 or X-Port. Probably because PSDK Adapter not power on, PSDK Adapter not finish init or UART connect error. Please check PSDK Adapter connection, UART configuration and UART connection[0m
[3155146.984][module_command]-[31m[Error]-[PsdkCommand_SendASyncHandle:866]Command async send error 0[0m
[3155146.984][module_command]-[31m[Error]-[PsdkCommand_SendSync:338]sendSync callback timeout[0m
[3155146.984][module_core]-[31m[Error]-[PsdkCore_WaitAdapterConnection:241]Can't connect to Skyport V2 or X-Port. Probably because PSDK Adapter not power on, PSDK Adapter not finish init or UART connect error. Please check PSDK Adapter connection, UART configuration and UART connection[0m
[3155147.995][module_command]-[31m[Error]-[PsdkCommand_SendASyncHandle:866]Command async send error 0[0m
[3155147.995][module_command]-[31m[Error]-[PsdkCommand_SendSync:338]sendSync callback timeout[0m
[3155147.999][module_core]-[31m[Error]-[PsdkCore_WaitAdapterConnection:241]Can't connect to Skyport V2 or X-Port. Probably because PSDK Adapter not power on, PSDK Adapter not finish init or UART connect error. Please check PSDK Adapter connection, UART configuration and UART connection[0m
[3155149.006][module_command]-[31m[Error]-[PsdkCommand_SendASyncHandle:866]Command async send error 0[0m
[3155149.006][module_command]-[31m[Error]-[PsdkCommand_SendSync:338]sendSync callback timeout[0m
[3155149.006][module_core]-[31m[Error]-[PsdkCore_WaitAdapterConnection:241]Can't connect to Skyport V2 or X-Port. Probably because PSDK Adapter not power on, PSDK Adapter not finish init or UART connect error. Please check PSDK Adapter connection, UART configuration and UART connection[0m
[3155150.016][module_command]-[31m[Error]-[PsdkCommand_SendASyncHandle:866]Command async send error 0[0m
[3155150.017][module_command]-[31m[Error]-[PsdkCommand_SendSync:338]sendSync callback timeout[0m
[3155150.017][module_core]-[31m[Error]-[PsdkCore_WaitAdapterConnection:241]Can't connect to Skyport V2 or X-Port. Probably because PSDK Adapter not power on, PSDK Adapter not finish init or UART connect error. Please check PSDK Adapter connection, UART configuration and UART connection[0m
[3155151.027][module_command]-[31m[Error]-[PsdkCommand_SendASyncHandle:866]Command async send error 0[0m
[3155151.027][module_command]-[31m[Error]-[PsdkCommand_SendSync:338]sendSync callback timeout[0m
[3155151.028][module_core]-[31m[Error]-[PsdkCore_WaitAdapterConnection:241]Can't connect to Skyport V2 or X-Port. Probably because PSDK Adapter not power on, PSDK Adapter not finish init or UART connect error. Please check PSDK Adapter connection, UART configuration and UART connection[0m
[3155152.038][module_command]-[31m[Error]-[PsdkCommand_SendASyncHandle:866]Command async send error 0[0m
[3155152.038][module_command]-[31m[Error]-[PsdkCommand_SendSync:338]sendSync callback timeout[0m
[3155152.038][module_core]-[31m[Error]-[PsdkCore_WaitAdapterConnection:241]Can't connect to Skyport V2 or X-Port. Probably because PSDK Adapter not power on, PSDK Adapter not finish init or UART connect error. Please check PSDK Adapter connection, UART configuration and UART connection[0m
[3155153.039][module_command]-[31m[Error]-[PsdkCommand_SendASyncHandle:866]Command async send error 0[0m
[3155153.039][module_command]-[31m[Error]-[PsdkCommand_SendSync:338]sendSync callback timeout[0m
[3155153.042][module_core]-[31m[Error]-[PsdkCore_WaitAdapterConnection:241]Can't connect to Skyport V2 or X-Port. Probably because PSDK Adapter not power on, PSDK Adapter not finish init or UART connect error. Please check PSDK Adapter connection, UART configuration and UART connection[0m
[3155154.049][module_command]-[31m[Error]-[PsdkCommand_SendASyncHandle:866]Command async send error 0[0m
[3155154.050][module_command]-[31m[Error]-[PsdkCommand_SendSync:338]sendSync callback timeout[0m
[3155154.050][module_core]-[31m[Error]-[PsdkCore_WaitAdapterConnection:241]Can't connect to Skyport V2 or X-Port. Probably because PSDK Adapter not power on, PSDK Adapter not finish init or UART connect error. Please check PSDK Adapter connection, UART configuration and UART connection[0m
[3155155.060][module_command]-[31m[Error]-[PsdkCommand_SendASyncHandle:866]Command async send error 0[0m
[3155155.060][module_command]-[31m[Error]-[PsdkCommand_SendSync:338]sendSync callback timeout[0m
[3155155.060][module_core]-[31m[Error]-[PsdkCore_WaitAdapterConnection:241]Can't connect to Skyport V2 or X-Port. Probably because PSDK Adapter not power on, PSDK Adapter not finish init or UART connect error. Please check PSDK Adapter connection, UART configuration and UART connection[0m
[3155156.071][module_command]-[31m[Error]-[PsdkCommand_SendASyncHandle:866]Command async send error 0[0m
[3155156.072][module_command]-[31m[Error]-[PsdkCommand_SendSync:338]sendSync callback timeout[0m
[3155156.072][module_core]-[31m[Error]-[PsdkCore_WaitAdapterConnection:241]Can't connect to Skyport V2 or X-Port. Probably because PSDK Adapter not power on, PSDK Adapter not finish init or UART connect error. Please check PSDK Adapter connection, UART configuration and UART connection[0m
[3155157.083][module_command]-[31m[Error]-[PsdkCommand_SendASyncHandle:866]Command async send error 0[0m
[3155157.083][module_command]-[31m[Error]-[PsdkCommand_SendSync:338]sendSync callback timeout[0m
[3155157.084][module_core]-[31m[Error]-[PsdkCore_WaitAdapterConnection:241]Can't connect to Skyport V2 or X-Port. Probably because PSDK Adapter not power on, PSDK Adapter not finish init or UART connect error. Please check PSDK Adapter connection, UART configuration and UART connection[0m
[3155158.094][module_command]-[31m[Error]-[PsdkCommand_SendASyncHandle:866]Command async send error 0[0m
[3155158.098][module_command]-[31m[Error]-[PsdkCommand_SendSync:338]sendSync callback timeout[0m
[3155158.098][module_core]-[31m[Error]-[PsdkCore_WaitAdapterConnection:241]Can't connect to Skyport V2 or X-Port. Probably because PSDK Adapter not power on, PSDK Adapter not finish init or UART connect error. Please check PSDK Adapter connection, UART configuration and UART connection[0m
[3155159.109][module_command]-[31m[Error]-[PsdkCommand_SendASyncHandle:866]Command async send error 0[0m
[3155159.109][module_command]-[31m[Error]-[PsdkCommand_SendSync:338]sendSync callback timeout[0m
[3155159.110][module_core]-[31m[Error]-[PsdkCore_WaitAdapterConnection:241]Can't connect to Skyport V2 or X-Port. Probably because PSDK Adapter not power on, PSDK Adapter not finish init or UART connect error. Please check PSDK Adapter connection, UART configuration and UART connection[0m
[3155160.120][module_command]-[31m[Error]-[PsdkCommand_SendASyncHandle:866]Command async send error 0[0m
[3155160.120][module_command]-[31m[Error]-[PsdkCommand_SendSync:338]sendSync callback timeout[0m
[3155160.120][module_core]-[31m[Error]-[PsdkCore_WaitAdapterConnection:241]Can't connect to Skyport V2 or X-Port. Probably because PSDK Adapter not power on, PSDK Adapter not finish init or UART connect error. Please check PSDK Adapter connection, UART configuration and UART connection[0m
[3155161.130][module_command]-[31m[Error]-[PsdkCommand_SendASyncHandle:866]Command async send error 0[0m
[3155161.131][module_command]-[31m[Error]-[PsdkCommand_SendSync:338]sendSync callback timeout[0m
[3155161.131][module_core]-[31m[Error]-[PsdkCore_WaitAdapterConnection:241]Can't connect to Skyport V2 or X-Port. Probably because PSDK Adapter not power on, PSDK Adapter not finish init or UART connect error. Please check PSDK Adapter connection, UART configuration and UART connection[0m
[3155162.141][module_command]-[31m[Error]-[PsdkCommand_SendASyncHandle:866]Command async send error 0[0m
[3155162.141][module_command]-[31m[Error]-[PsdkCommand_SendSync:338]sendSync callback timeout[0m
[3155162.142][module_core]-[31m[Error]-[PsdkCore_WaitAdapterConnection:241]Can't connect to Skyport V2 or X-Port. Probably because PSDK Adapter not power on, PSDK Adapter not finish init or UART connect error. Please check PSDK Adapter connection, UART configuration and UART connection[0m
[3155163.152][module_command]-[31m[Error]-[PsdkCommand_SendASyncHandle:866]Command async send error 0[0m
[3155163.156][module_command]-[31m[Error]-[PsdkCommand_SendSync:338]sendSync callback timeout[0m
[3155163.156][module_core]-[31m[Error]-[PsdkCore_WaitAdapterConnection:241]Can't connect to Skyport V2 or X-Port. Probably because PSDK Adapter not power on, PSDK Adapter not finish init or UART connect error. Please check PSDK Adapter connection, UART configuration and UART connection[0m
[3155164.157][module_command]-[31m[Error]-[PsdkCommand_SendASyncHandle:866]Command async send error 0[0m
[3155164.157][module_command]-[31m[Error]-[PsdkCommand_SendSync:338]sendSync callback timeout[0m
[3155164.157][module_core]-[31m[Error]-[PsdkCore_WaitAdapterConnection:241]Can't connect to Skyport V2 or X-Port. Probably because PSDK Adapter not power on, PSDK Adapter not finish init or UART connect error. Please check PSDK Adapter connection, UART configuration and UART connection[0m
[3155165.167][module_command]-[31m[Error]-[PsdkCommand_SendASyncHandle:866]Command async send error 0[0m
[3155165.168][module_command]-[31m[Error]-[PsdkCommand_SendSync:338]sendSync callback timeout[0m
[3155165.168][module_core]-[31m[Error]-[PsdkCore_WaitAdapterConnection:241]Can't connect to Skyport V2 or X-Port. Probably because PSDK Adapter not power on, PSDK Adapter not finish init or UART connect error. Please check PSDK Adapter connection, UART configuration and UART connection[0m
[3155166.178][module_command]-[31m[Error]-[PsdkCommand_SendASyncHandle:866]Command async send error 0[0m
[3155166.178][module_command]-[31m[Error]-[PsdkCommand_SendSync:338]sendSync callback timeout[0m
[3155166.179][module_core]-[31m[Error]-[PsdkCore_WaitAdapterConnection:241]Can't connect to Skyport V2 or X-Port. Probably because PSDK Adapter not power on, PSDK Adapter not finish init or UART connect error. Please check PSDK Adapter connection, UART configuration and UART connection[0m
[3155167.189][module_command]-[31m[Error]-[PsdkCommand_SendASyncHandle:866]Command async send error 0[0m
[3155167.189][module_command]-[31m[Error]-[PsdkCommand_SendSync:338]sendSync callback timeout[0m
[3155167.190][module_core]-[31m[Error]-[PsdkCore_WaitAdapterConnection:241]Can't connect to Skyport V2 or X-Port. Probably because PSDK Adapter not power on, PSDK Adapter not finish init or UART connect error. Please check PSDK Adapter connection, UART configuration and UART connection[0m
[3155168.200][module_command]-[31m[Error]-[PsdkCommand_SendASyncHandle:866]Command async send error 0[0m
[3155168.204][module_command]-[31m[Error]-[PsdkCommand_SendSync:338]sendSync callback timeout[0m
[3155168.204][module_core]-[31m[Error]-[PsdkCore_WaitAdapterConnection:241]Can't connect to Skyport V2 or X-Port. Probably because PSDK Adapter not power on, PSDK Adapter not finish init or UART connect error. Please check PSDK Adapter connection, UART configuration and UART connection[0m
[3155169.214][module_command]-[31m[Error]-[PsdkCommand_SendASyncHandle:866]Command async send error 0[0m
[3155169.215][module_command]-[31m[Error]-[PsdkCommand_SendSync:338]sendSync callback timeout[0m
[3155169.215][module_core]-[31m[Error]-[PsdkCore_WaitAdapterConnection:241]Can't connect to Skyport V2 or X-Port. Probably because PSDK Adapter not power on, PSDK Adapter not finish init or UART connect error. Please check PSDK Adapter connection, UART configuration and UART connection[0m
[3155170.225][module_command]-[31m[Error]-[PsdkCommand_SendASyncHandle:866]Command async send error 0[0m
[3155170.225][module_command]-[31m[Error]-[PsdkCommand_SendSync:338]sendSync callback timeout[0m
[3155170.226][module_core]-[31m[Error]-[PsdkCore_WaitAdapterConnection:241]Can't connect to Skyport V2 or X-Port. Probably because PSDK Adapter not power on, PSDK Adapter not finish init or UART connect error. Please check PSDK Adapter connection, UART configuration and UART connection[0m
[3155171.236][module_command]-[31m[Error]-[PsdkCommand_SendASyncHandle:866]Command async send error 0[0m
[3155171.237][module_command]-[31m[Error]-[PsdkCommand_SendSync:338]sendSync callback timeout[0m
[3155171.237][module_core]-[31m[Error]-[PsdkCore_WaitAdapterConnection:241]Can't connect to Skyport V2 or X-Port. Probably because PSDK Adapter not power on, PSDK Adapter not finish init or UART connect error. Please check PSDK Adapter connection, UART configuration and UART connection[0m
[3155172.247][module_command]-[31m[Error]-[PsdkCommand_SendASyncHandle:866]Command async send error 0[0m
[3155172.247][module_command]-[31m[Error]-[PsdkCommand_SendSync:338]sendSync callback timeout[0m
[3155172.248][module_core]-[31m[Error]-[PsdkCore_WaitAdapterConnection:241]Can't connect to Skyport V2 or X-Port. Probably because PSDK Adapter not power on, PSDK Adapter not finish init or UART connect error. Please check PSDK Adapter connection, UART configuration and UART connection[0m
[3155173.258][module_command]-[31m[Error]-[PsdkCommand_SendASyncHandle:866]Command async send error 0[0m
[3155173.262][module_command]-[31m[Error]-[PsdkCommand_SendSync:338]sendSync callback timeout[0m
[3155173.262][module_core]-[31m[Error]-[PsdkCore_WaitAdapterConnection:241]Can't connect to Skyport V2 or X-Port. Probably because PSDK Adapter not power on, PSDK Adapter not finish init or UART connect error. Please check PSDK Adapter connection, UART configuration and UART connection[0m
[3155174.273][module_command]-[31m[Error]-[PsdkCommand_SendASyncHandle:866]Command async send error 0[0m
[3155174.274][module_command]-[31m[Error]-[PsdkCommand_SendSync:338]sendSync callback timeout[0m
[3155174.274][module_core]-[31m[Error]-[PsdkCore_WaitAdapterConnection:241]Can't connect to Skyport V2 or X-Port. Probably because PSDK Adapter not power on, PSDK Adapter not finish init or UART connect error. Please check PSDK Adapter connection, UART configuration and UART connection[0m
[3155175.284][module_command]-[31m[Error]-[PsdkCommand_SendASyncHandle:866]Command async send error 0[0m
[3155175.285][module_command]-[31m[Error]-[PsdkCommand_SendSync:338]sendSync callback timeout[0m
[3155175.285][module_core]-[31m[Error]-[PsdkCore_WaitAdapterConnection:241]Can't connect to Skyport V2 or X-Port. Probably because PSDK Adapter not power on, PSDK Adapter not finish init or UART connect error. Please check PSDK Adapter connection, UART configuration and UART connection[0m
[3155176.295][module_command]-[31m[Error]-[PsdkCommand_SendASyncHandle:866]Command async send error 0[0m
[3155176.296][module_command]-[31m[Error]-[PsdkCommand_SendSync:338]sendSync callback timeout[0m
[3155176.296][module_core]-[31m[Error]-[PsdkCore_WaitAdapterConnection:241]Can't connect to Skyport V2 or X-Port. Probably because PSDK Adapter not power on, PSDK Adapter not finish init or UART connect error. Please check PSDK Adapter connection, UART configuration and UART connection[0m
[3155177.306][module_command]-[31m[Error]-[PsdkCommand_SendASyncHandle:866]Command async send error 0[0m
[3155177.307][module_command]-[31m[Error]-[PsdkCommand_SendSync:338]sendSync callback timeout[0m
[3155177.307][module_core]-[31m[Error]-[PsdkCore_WaitAdapterConnection:241]Can't connect to Skyport V2 or X-Port. Probably because PSDK Adapter not power on, PSDK Adapter not finish init or UART connect error. Please check PSDK Adapter connection, UART configuration and UART connection[0m
[3155178.317][module_command]-[31m[Error]-[PsdkCommand_SendASyncHandle:866]Command async send error 0[0m
[3155178.322][module_command]-[31m[Error]-[PsdkCommand_SendSync:338]sendSync callback timeout[0m
[3155178.322][module_core]-[31m[Error]-[PsdkCore_WaitAdapterConnection:241]Can't connect to Skyport V2 or X-Port. Probably because PSDK Adapter not power on, PSDK Adapter not finish init or UART connect error. Please check PSDK Adapter connection, UART configuration and UART connection[0m
[3155179.333][module_command]-[31m[Error]-[PsdkCommand_SendASyncHandle:866]Command async send error 0[0m
[3155179.333][module_command]-[31m[Error]-[PsdkCommand_SendSync:338]sendSync callback timeout[0m
[3155179.333][module_core]-[31m[Error]-[PsdkCore_WaitAdapterConnection:241]Can't connect to Skyport V2 or X-Port. Probably because PSDK Adapter not power on, PSDK Adapter not finish init or UART connect error. Please check PSDK Adapter connection, UART configuration and UART connection[0m
[3155180.344][module_command]-[31m[Error]-[PsdkCommand_SendASyncHandle:866]Command async send error 0[0m
[3155180.344][module_command]-[31m[Error]-[PsdkCommand_SendSync:338]sendSync callback timeout[0m
[3155180.344][module_core]-[31m[Error]-[PsdkCore_WaitAdapterConnection:241]Can't connect to Skyport V2 or X-Port. Probably because PSDK Adapter not power on, PSDK Adapter not finish init or UART connect error. Please check PSDK Adapter connection, UART configuration and UART connection[0m
[3155181.355][module_command]-[31m[Error]-[PsdkCommand_SendASyncHandle:866]Command async send error 0[0m
[3155181.355][module_command]-[31m[Error]-[PsdkCommand_SendSync:338]sendSync callback timeout[0m
[3155181.355][module_core]-[31m[Error]-[PsdkCore_WaitAdapterConnection:241]Can't connect to Skyport V2 or X-Port. Probably because PSDK Adapter not power on, PSDK Adapter not finish init or UART connect error. Please check PSDK Adapter connection, UART configuration and UART connection[0m
[3155182.366][module_command]-[31m[Error]-[PsdkCommand_SendASyncHandle:866]Command async send error 0[0m
[3155182.366][module_command]-[31m[Error]-[PsdkCommand_SendSync:338]sendSync callback timeout[0m
[3155182.366][module_core]-[31m[Error]-[PsdkCore_WaitAdapterConnection:241]Can't connect to Skyport V2 or X-Port. Probably because PSDK Adapter not power on, PSDK Adapter not finish init or UART connect error. Please check PSDK Adapter connection, UART configuration and UART connection[0m
[3155183.377][module_command]-[31m[Error]-[PsdkCommand_SendASyncHandle:866]Command async send error 0[0m
[3155183.380][module_command]-[31m[Error]-[PsdkCommand_SendSync:338]sendSync callback timeout[0m
[3155183.380][module_core]-[31m[Error]-[PsdkCore_WaitAdapterConnection:241]Can't connect to Skyport V2 or X-Port. Probably because PSDK Adapter not power on, PSDK Adapter not finish init or UART connect error. Please check PSDK Adapter connection, UART configuration and UART connection[0m
[3155184.381][module_command]-[31m[Error]-[PsdkCommand_SendASyncHandle:866]Command async send error 0[0m
[3155184.381][module_command]-[31m[Error]-[PsdkCommand_SendSync:338]sendSync callback timeout[0m
[3155184.381][module_core]-[31m[Error]-[PsdkCore_WaitAdapterConnection:241]Can't connect to Skyport V2 or X-Port. Probably because PSDK Adapter not power on, PSDK Adapter not finish init or UART connect error. Please check PSDK Adapter connection, UART configuration and UART connection[0m
[3155185.382][module_command]-[31m[Error]-[PsdkCommand_SendASyncHandle:866]Command async send error 0[0m
[3155185.382][module_command]-[31m[Error]-[PsdkCommand_SendSync:338]sendSync callback timeout[0m
[3155185.382][module_core]-[31m[Error]-[PsdkCore_WaitAdapterConnection:241]Can't connect to Skyport V2 or X-Port. Probably because PSDK Adapter not power on, PSDK Adapter not finish init or UART connect error. Please check PSDK Adapter connection, UART configuration and UART connection[0m
[3155186.383][module_command]-[31m[Error]-[PsdkCommand_SendASyncHandle:866]Command async send error 0[0m
[3155186.383][module_command]-[31m[Error]-[PsdkCommand_SendSync:338]sendSync callback timeout[0m
[3155186.383][module_core]-[31m[Error]-[PsdkCore_WaitAdapterConnection:241]Can't connect to Skyport V2 or X-Port. Probably because PSDK Adapter not power on, PSDK Adapter not finish init or UART connect error. Please check PSDK Adapter connection, UART configuration and UART connection[0m
[3155187.384][module_command]-[31m[Error]-[PsdkCommand_SendASyncHandle:866]Command async send error 0[0m
[3155187.384][module_command]-[31m[Error]-[PsdkCommand_SendSync:338]sendSync callback timeout[0m
[3155187.384][module_core]-[31m[Error]-[PsdkCore_WaitAdapterConnection:241]Can't connect to Skyport V2 or X-Port. Probably because PSDK Adapter not power on, PSDK Adapter not finish init or UART connect error. Please check PSDK Adapter connection, UART configuration and UART connection[0m
[3155188.395][module_command]-[31m[Error]-[PsdkCommand_SendASyncHandle:866]Command async send error 0[0m
[3155188.398][module_command]-[31m[Error]-[PsdkCommand_SendSync:338]sendSync callback timeout[0m
[3155188.398][module_core]-[31m[Error]-[PsdkCore_WaitAdapterConnection:241]Can't connect to Skyport V2 or X-Port. Probably because PSDK Adapter not power on, PSDK Adapter not finish init or UART connect error. Please check PSDK Adapter connection, UART configuration and UART connection[0m
[3155189.409][module_command]-[31m[Error]-[PsdkCommand_SendASyncHandle:866]Command async send error 0[0m
[3155189.409][module_command]-[31m[Error]-[PsdkCommand_SendSync:338]sendSync callback timeout[0m
[3155189.409][module_core]-[31m[Error]-[PsdkCore_WaitAdapterConnection:241]Can't connect to Skyport V2 or X-Port. Probably because PSDK Adapter not power on, PSDK Adapter not finish init or UART connect error. Please check PSDK Adapter connection, UART configuration and UART connection[0m
[3155190.420][module_command]-[31m[Error]-[PsdkCommand_SendASyncHandle:866]Command async send error 0[0m
[3155190.420][module_command]-[31m[Error]-[PsdkCommand_SendSync:338]sendSync callback timeout[0m
[3155190.421][module_core]-[31m[Error]-[PsdkCore_WaitAdapterConnection:241]Can't connect to Skyport V2 or X-Port. Probably because PSDK Adapter not power on, PSDK Adapter not finish init or UART connect error. Please check PSDK Adapter connection, UART configuration and UART connection[0m
[3155191.431][module_command]-[31m[Error]-[PsdkCommand_SendASyncHandle:866]Command async send error 0[0m
[3155191.431][module_command]-[31m[Error]-[PsdkCommand_SendSync:338]sendSync callback timeout[0m
[3155191.431][module_core]-[31m[Error]-[PsdkCore_WaitAdapterConnection:241]Can't connect to Skyport V2 or X-Port. Probably because PSDK Adapter not power on, PSDK Adapter not finish init or UART connect error. Please check PSDK Adapter connection, UART configuration and UART connection[0m
[3155192.442][module_command]-[31m[Error]-[PsdkCommand_SendASyncHandle:866]Command async send error 0[0m
[3155192.442][module_command]-[31m[Error]-[PsdkCommand_SendSync:338]sendSync callback timeout[0m
[3155192.443][module_core]-[31m[Error]-[PsdkCore_WaitAdapterConnection:241]Can't connect to Skyport V2 or X-Port. Probably because PSDK Adapter not power on, PSDK Adapter not finish init or UART connect error. Please check PSDK Adapter connection, UART configuration and UART connection[0m
[3155193.444][module_command]-[31m[Error]-[PsdkCommand_SendASyncHandle:866]Command async send error 0[0m
[3155193.448][module_command]-[31m[Error]-[PsdkCommand_SendSync:338]sendSync callback timeout[0m
[3155193.448][module_core]-[31m[Error]-[PsdkCore_WaitAdapterConnection:241]Can't connect to Skyport V2 or X-Port. Probably because PSDK Adapter not power on, PSDK Adapter not finish init or UART connect error. Please check PSDK Adapter connection, UART configuration and UART connection[0m
[3155194.459][module_command]-[31m[Error]-[PsdkCommand_SendASyncHandle:866]Command async send error 0[0m
[3155194.459][module_command]-[31m[Error]-[PsdkCommand_SendSync:338]sendSync callback timeout[0m
[3155194.459][module_core]-[31m[Error]-[PsdkCore_WaitAdapterConnection:241]Can't connect to Skyport V2 or X-Port. Probably because PSDK Adapter not power on, PSDK Adapter not finish init or UART connect error. Please check PSDK Adapter connection, UART configuration and UART connection[0m
[3155195.471][module_command]-[31m[Error]-[PsdkCommand_SendASyncHandle:866]Command async send error 0[0m
[3155195.471][module_command]-[31m[Error]-[PsdkCommand_SendSync:338]sendSync callback timeout[0m
[3155195.471][module_core]-[31m[Error]-[PsdkCore_WaitAdapterConnection:241]Can't connect to Skyport V2 or X-Port. Probably because PSDK Adapter not power on, PSDK Adapter not finish init or UART connect error. Please check PSDK Adapter connection, UART configuration and UART connection[0m
[3155196.482][module_command]-[31m[Error]-[PsdkCommand_SendASyncHandle:866]Command async send error 0[0m
[3155196.482][module_command]-[31m[Error]-[PsdkCommand_SendSync:338]sendSync callback timeout[0m
[3155196.482][module_core]-[31m[Error]-[PsdkCore_WaitAdapterConnection:241]Can't connect to Skyport V2 or X-Port. Probably because PSDK Adapter not power on, PSDK Adapter not finish init or UART connect error. Please check PSDK Adapter connection, UART configuration and UART connection[0m
[3155197.493][module_command]-[31m[Error]-[PsdkCommand_SendASyncHandle:866]Command async send error 0[0m
[3155197.494][module_command]-[31m[Error]-[PsdkCommand_SendSync:338]sendSync callback timeout[0m
[3155197.494][module_core]-[31m[Error]-[PsdkCore_WaitAdapterConnection:241]Can't connect to Skyport V2 or X-Port. Probably because PSDK Adapter not power on, PSDK Adapter not finish init or UART connect error. Please check PSDK Adapter connection, UART configuration and UART connection[0m
[3155198.496][module_command]-[31m[Error]-[PsdkCommand_SendASyncHandle:866]Command async send error 0[0m
[3155198.496][module_command]-[31m[Error]-[PsdkCommand_SendSync:338]sendSync callback timeout[0m
[3155198.499][module_core]-[31m[Error]-[PsdkCore_WaitAdapterConnection:241]Can't connect to Skyport V2 or X-Port. Probably because PSDK Adapter not power on, PSDK Adapter not finish init or UART connect error. Please check PSDK Adapter connection, UART configuration and UART connection[0m
[3155199.506][module_command]-[31m[Error]-[PsdkCommand_SendASyncHandle:866]Command async send error 0[0m
[3155199.507][module_command]-[31m[Error]-[PsdkCommand_SendSync:338]sendSync callback timeout[0m
[3155199.507][module_core]-[31m[Error]-[PsdkCore_WaitAdapterConnection:241]Can't connect to Skyport V2 or X-Port. Probably because PSDK Adapter not power on, PSDK Adapter not finish init or UART connect error. Please check PSDK Adapter connection, UART configuration and UART connection[0m
[3155200.518][module_command]-[31m[Error]-[PsdkCommand_SendASyncHandle:866]Command async send error 0[0m
[3155200.518][module_command]-[31m[Error]-[PsdkCommand_SendSync:338]sendSync callback timeout[0m
[3155200.518][module_core]-[31m[Error]-[PsdkCore_WaitAdapterConnection:241]Can't connect to Skyport V2 or X-Port. Probably because PSDK Adapter not power on, PSDK Adapter not finish init or UART connect error. Please check PSDK Adapter connection, UART configuration and UART connection[0m
[3155201.529][module_command]-[31m[Error]-[PsdkCommand_SendASyncHandle:866]Command async send error 0[0m
[3155201.529][module_command]-[31m[Error]-[PsdkCommand_SendSync:338]sendSync callback timeout[0m
[3155201.529][module_core]-[31m[Error]-[PsdkCore_WaitAdapterConnection:241]Can't connect to Skyport V2 or X-Port. Probably because PSDK Adapter not power on, PSDK Adapter not finish init or UART connect error. Please check PSDK Adapter connection, UART configuration and UART connection[0m
[3155202.540][module_command]-[31m[Error]-[PsdkCommand_SendASyncHandle:866]Command async send error 0[0m
[3155202.540][module_command]-[31m[Error]-[PsdkCommand_SendSync:338]sendSync callback timeout[0m
[3155202.540][module_core]-[31m[Error]-[PsdkCore_WaitAdapterConnection:241]Can't connect to Skyport V2 or X-Port. Probably because PSDK Adapter not power on, PSDK Adapter not finish init or UART connect error. Please check PSDK Adapter connection, UART configuration and UART connection[0m
[3155203.551][module_command]-[31m[Error]-[PsdkCommand_SendASyncHandle:866]Command async send error 0[0m
[3155203.551][module_command]-[31m[Error]-[PsdkCommand_SendSync:338]sendSync callback timeout[0m
[3155203.555][module_core]-[31m[Error]-[PsdkCore_WaitAdapterConnection:241]Can't connect to Skyport V2 or X-Port. Probably because PSDK Adapter not power on, PSDK Adapter not finish init or UART connect error. Please check PSDK Adapter connection, UART configuration and UART connection[0m
[3155204.562][module_command]-[31m[Error]-[PsdkCommand_SendASyncHandle:866]Command async send error 0[0m
[3155204.563][module_command]-[31m[Error]-[PsdkCommand_SendSync:338]sendSync callback timeout[0m
[3155204.563][module_core]-[31m[Error]-[PsdkCore_WaitAdapterConnection:241]Can't connect to Skyport V2 or X-Port. Probably because PSDK Adapter not power on, PSDK Adapter not finish init or UART connect error. Please check PSDK Adapter connection, UART configuration and UART connection[0m
[3155205.564][module_command]-[31m[Error]-[PsdkCommand_SendASyncHandle:866]Command async send error 0[0m
[3155205.564][module_command]-[31m[Error]-[PsdkCommand_SendSync:338]sendSync callback timeout[0m
[3155205.564][module_core]-[31m[Error]-[PsdkCore_WaitAdapterConnection:241]Can't connect to Skyport V2 or X-Port. Probably because PSDK Adapter not power on, PSDK Adapter not finish init or UART connect error. Please check PSDK Adapter connection, UART configuration and UART connection[0m
[3155206.565][module_command]-[31m[Error]-[PsdkCommand_SendASyncHandle:866]Command async send error 0[0m
[3155206.565][module_command]-[31m[Error]-[PsdkCommand_SendSync:338]sendSync callback timeout[0m
[3155206.565][module_core]-[31m[Error]-[PsdkCore_WaitAdapterConnection:241]Can't connect to Skyport V2 or X-Port. Probably because PSDK Adapter not power on, PSDK Adapter not finish init or UART connect error. Please check PSDK Adapter connection, UART configuration and UART connection[0m
[3155207.566][module_command]-[31m[Error]-[PsdkCommand_SendASyncHandle:866]Command async send error 0[0m
[3155207.566][module_command]-[31m[Error]-[PsdkCommand_SendSync:338]sendSync callback timeout[0m
[3155207.566][module_core]-[31m[Error]-[PsdkCore_WaitAdapterConnection:241]Can't connect to Skyport V2 or X-Port. Probably because PSDK Adapter not power on, PSDK Adapter not finish init or UART connect error. Please check PSDK Adapter connection, UART configuration and UART connection[0m
[3155208.567][module_command]-[31m[Error]-[PsdkCommand_SendASyncHandle:866]Command async send error 0[0m
[3155208.567][module_command]-[31m[Error]-[PsdkCommand_SendSync:338]sendSync callback timeout[0m
[3155208.570][module_core]-[31m[Error]-[PsdkCore_WaitAdapterConnection:241]Can't connect to Skyport V2 or X-Port. Probably because PSDK Adapter not power on, PSDK Adapter not finish init or UART connect error. Please check PSDK Adapter connection, UART configuration and UART connection[0m
[3155209.578][module_command]-[31m[Error]-[PsdkCommand_SendASyncHandle:866]Command async send error 0[0m
[3155209.578][module_command]-[31m[Error]-[PsdkCommand_SendSync:338]sendSync callback timeout[0m
[3155209.579][module_core]-[31m[Error]-[PsdkCore_WaitAdapterConnection:241]Can't connect to Skyport V2 or X-Port. Probably because PSDK Adapter not power on, PSDK Adapter not finish init or UART connect error. Please check PSDK Adapter connection, UART configuration and UART connection[0m
[3155210.589][module_command]-[31m[Error]-[PsdkCommand_SendASyncHandle:866]Command async send error 0[0m
[3155210.589][module_command]-[31m[Error]-[PsdkCommand_SendSync:338]sendSync callback timeout[0m
[3155210.590][module_core]-[31m[Error]-[PsdkCore_WaitAdapterConnection:241]Can't connect to Skyport V2 or X-Port. Probably because PSDK Adapter not power on, PSDK Adapter not finish init or UART connect error. Please check PSDK Adapter connection, UART configuration and UART connection[0m
[3155211.600][module_command]-[31m[Error]-[PsdkCommand_SendASyncHandle:866]Command async send error 0[0m
[3155211.600][module_command]-[31m[Error]-[PsdkCommand_SendSync:338]sendSync callback timeout[0m
[3155211.601][module_core]-[31m[Error]-[PsdkCore_WaitAdapterConnection:241]Can't connect to Skyport V2 or X-Port. Probably because PSDK Adapter not power on, PSDK Adapter not finish init or UART connect error. Please check PSDK Adapter connection, UART configuration and UART connection[0m
[3155212.611][module_command]-[31m[Error]-[PsdkCommand_SendASyncHandle:866]Command async send error 0[0m
[3155212.611][module_command]-[31m[Error]-[PsdkCommand_SendSync:338]sendSync callback timeout[0m
[3155212.612][module_core]-[31m[Error]-[PsdkCore_WaitAdapterConnection:241]Can't connect to Skyport V2 or X-Port. Probably because PSDK Adapter not power on, PSDK Adapter not finish init or UART connect error. Please check PSDK Adapter connection, UART configuration and UART connection[0m
[3155213.613][module_command]-[31m[Error]-[PsdkCommand_SendASyncHandle:866]Command async send error 0[0m
[3155213.613][module_command]-[31m[Error]-[PsdkCommand_SendSync:338]sendSync callback timeout[0m
[3155213.618][module_core]-[31m[Error]-[PsdkCore_WaitAdapterConnection:241]Can't connect to Skyport V2 or X-Port. Probably because PSDK Adapter not power on, PSDK Adapter not finish init or UART connect error. Please check PSDK Adapter connection, UART configuration and UART connection[0m
[3155214.624][module_command]-[31m[Error]-[PsdkCommand_SendASyncHandle:866]Command async send error 0[0m
[3155214.624][module_command]-[31m[Error]-[PsdkCommand_SendSync:338]sendSync callback timeout[0m
[3155214.624][module_core]-[31m[Error]-[PsdkCore_WaitAdapterConnection:241]Can't connect to Skyport V2 or X-Port. Probably because PSDK Adapter not power on, PSDK Adapter not finish init or UART connect error. Please check PSDK Adapter connection, UART configuration and UART connection[0m
[3155215.635][module_command]-[31m[Error]-[PsdkCommand_SendASyncHandle:866]Command async send error 0[0m
[3155215.635][module_command]-[31m[Error]-[PsdkCommand_SendSync:338]sendSync callback timeout[0m
[3155215.636][module_core]-[31m[Error]-[PsdkCore_WaitAdapterConnection:241]Can't connect to Skyport V2 or X-Port. Probably because PSDK Adapter not power on, PSDK Adapter not finish init or UART connect error. Please check PSDK Adapter connection, UART configuration and UART connection[0m
[3155216.646][module_command]-[31m[Error]-[PsdkCommand_SendASyncHandle:866]Command async send error 0[0m
[3155216.647][module_command]-[31m[Error]-[PsdkCommand_SendSync:338]sendSync callback timeout[0m
[3155216.647][module_core]-[31m[Error]-[PsdkCore_WaitAdapterConnection:241]Can't connect to Skyport V2 or X-Port. Probably because PSDK Adapter not power on, PSDK Adapter not finish init or UART connect error. Please check PSDK Adapter connection, UART configuration and UART connection[0m
