[3163355.852][module_core]-[32m[Info]-[PsdkCore_Init:76]Payload SDK Version : V2.2.1-beta.0-build.315[0m
[3163356.359][module_command]-[31m[Error]-[PsdkCommand_SendASyncHandle:866]Command async send error 0[0m
[3163356.359][module_command]-[31m[Error]-[PsdkCommand_SendSync:338]sendSync callback timeout[0m
[3163356.359][module_core]-[31m[Error]-[PsdkCore_WaitAdapterConnection:241]Can't connect to Skyport V2 or X-Port. Probably because PSDK Adapter not power on, PSDK Adapter not finish init or UART connect error. Please check PSDK Adapter connection, UART configuration and UART connection[0m
[3163357.360][module_command]-[31m[Error]-[PsdkCommand_SendASyncHandle:866]Command async send error 0[0m
[3163357.360][module_command]-[31m[Error]-[PsdkCommand_SendSync:338]sendSync callback timeout[0m
[3163357.360][module_core]-[31m[Error]-[PsdkCore_WaitAdapterConnection:241]Can't connect to Skyport V2 or X-Port. Probably because PSDK Adapter not power on, PSDK Adapter not finish init or UART connect error. Please check PSDK Adapter connection, UART configuration and UART connection[0m
[3163358.361][module_command]-[31m[Error]-[PsdkCommand_SendASyncHandle:866]Command async send error 0[0m
[3163358.361][module_command]-[31m[Error]-[PsdkCommand_SendSync:338]sendSync callback timeout[0m
[3163358.361][module_core]-[31m[Error]-[PsdkCore_WaitAdapterConnection:241]Can't connect to Skyport V2 or X-Port. Probably because PSDK Adapter not power on, PSDK Adapter not finish init or UART connect error. Please check PSDK Adapter connection, UART configuration and UART connection[0m
[3163359.362][module_command]-[31m[Error]-[PsdkCommand_SendASyncHandle:866]Command async send error 0[0m
[3163359.362][module_command]-[31m[Error]-[PsdkCommand_SendSync:338]sendSync callback timeout[0m
[3163359.362][module_core]-[31m[Error]-[PsdkCore_WaitAdapterConnection:241]Can't connect to Skyport V2 or X-Port. Probably because PSDK Adapter not power on, PSDK Adapter not finish init or UART connect error. Please check PSDK Adapter connection, UART configuration and UART connection[0m
[3163359.867][module_command]-[33m[Warn]-[PsdkCommand_ProtParse:568]protocol frame length error[0m
[3163360.363][module_command]-[31m[Error]-[PsdkCommand_SendASyncHandle:866]Command async send error 0[0m
[3163360.363][module_command]-[31m[Error]-[PsdkCommand_SendSync:338]sendSync callback timeout[0m
[3163360.363][module_core]-[31m[Error]-[PsdkCore_WaitAdapterConnection:241]Can't connect to Skyport V2 or X-Port. Probably because PSDK Adapter not power on, PSDK Adapter not finish init or UART connect error. Please check PSDK Adapter connection, UART configuration and UART connection[0m
[3163360.869][module_command]-[33m[Warn]-[PsdkCommand_ProtParse:588]protocol frame crc16 error, exp:0xF368 cur:0x8810[0m
[3163361.374][module_command]-[31m[Error]-[PsdkCommand_SendASyncHandle:866]Command async send error 0[0m
[3163361.375][module_command]-[31m[Error]-[PsdkCommand_SendSync:338]sendSync callback timeout[0m
[3163361.375][module_core]-[31m[Error]-[PsdkCore_WaitAdapterConnection:241]Can't connect to Skyport V2 or X-Port. Probably because PSDK Adapter not power on, PSDK Adapter not finish init or UART connect error. Please check PSDK Adapter connection, UART configuration and UART connection[0m
[3163361.880][module_command]-[33m[Warn]-[PsdkCommand_ProtParse:588]protocol frame crc16 error, exp:0xDE4D cur:0xC46D[0m
[3163362.376][module_command]-[31m[Error]-[PsdkCommand_SendASyncHandle:866]Command async send error 0[0m
[3163362.376][module_command]-[31m[Error]-[PsdkCommand_SendSync:338]sendSync callback timeout[0m
[3163362.376][module_core]-[31m[Error]-[PsdkCore_WaitAdapterConnection:241]Can't connect to Skyport V2 or X-Port. Probably because PSDK Adapter not power on, PSDK Adapter not finish init or UART connect error. Please check PSDK Adapter connection, UART configuration and UART connection[0m
