[3164326.029][module_core]-[32m[Info]-[PsdkCore_Init:76]Payload SDK Version : V2.2.1-beta.0-build.315[0m
[3164326.040][module_core]-[32m[Info]-[PsdkCore_WaitAdapterConnection:234]Connect to Skyport V2 or X-Port success[0m
[3164326.050][module_core]-[32m[Info]-[PsdkCore_PrintAdapterSerialNumber:278]Get serial number of Skyport V2 or X-Port is 39CDH6P0010077[0m
[3164326.050][module_core]-[32m[Info]-[PsdkCore_Init:130]Updating PSDK policy file.[0m
[3164326.071][module_aircraftinfo]-[32m[Info]-[PsdkAircraftInfo_GetAircraftTypeAsyncCallback:402]aircraft type is Matrice 300 RTK.[0m
[3164326.071][module_aircraftinfo]-[32m[Info]-[PsdkAircraftInfo_GetDevelopmentKitTypeAsyncCallback:483]PSDK adapter type is Skyport V2.[0m
[3164327.051][module_core]-[32m[Info]-[PsdkCore_Init:133]PSDK policy file update success.[0m
[3164327.551][module_core]-[32m[Info]-[PsdkCore_Init:146]PSDK is connecting aircraft.[0m
[3164328.051][module_core]-[32m[Info]-[PsdkCore_Init:146]PSDK is connecting aircraft.[0m
[3164328.551][module_core]-[32m[Info]-[PsdkCore_Init:146]PSDK is connecting aircraft.[0m
[3164329.051][module_core]-[32m[Info]-[PsdkCore_Init:146]PSDK is connecting aircraft.[0m
[3164329.085][module_command]-[33m[Warn]-[PsdkCommand_SendASyncHandle:858]Command async send retry: index = 0, retryTimes = 3, cmdSet = 25, cmdId = 50[0m
[3164329.551][module_core]-[32m[Info]-[PsdkCore_Init:146]PSDK is connecting aircraft.[0m
[3164330.052][module_core]-[32m[Info]-[PsdkCore_Init:146]PSDK is connecting aircraft.[0m
[3164330.088][module_command]-[33m[Warn]-[PsdkCommand_SendASyncHandle:858]Command async send retry: index = 0, retryTimes = 2, cmdSet = 25, cmdId = 50[0m
[3164330.099][module_aircraftinfo]-[32m[Info]-[PsdkAircraftInfo_GetPayloadMountPositionAsyncCallback:582]This payload is mounted on NO.1 gimbal connector.[0m
[3164330.552][module_core]-[32m[Info]-[PsdkCore_Init:146]PSDK is connecting aircraft.[0m
[3164330.552][module_core]-[32m[Info]-[PsdkCore_Init:156]Aircraft is Matrice 300 RTK, PSDK adapter is Skyport V2, this payload is mounted on NO.1 gimbal connector.[0m
[3164330.552][module_nego]-[32m[Info]-[PsdkPayloadNegotiate_Init:138]Waiting payload negotiate finish.[0m
[3164331.552][module_nego]-[32m[Info]-[PsdkPayloadNegotiate_Init:138]Waiting payload negotiate finish.[0m
[3164332.552][module_nego]-[32m[Info]-[PsdkPayloadNegotiate_Init:138]Waiting payload negotiate finish.[0m
[3164333.553][module_nego]-[32m[Info]-[PsdkPayloadNegotiate_Init:138]Waiting payload negotiate finish.[0m
[3164334.553][module_nego]-[32m[Info]-[PsdkPayloadNegotiate_Init:138]Waiting payload negotiate finish.[0m
[3164335.553][module_nego]-[32m[Info]-[PsdkPayloadNegotiate_Init:138]Waiting payload negotiate finish.[0m
[3164336.553][module_nego]-[32m[Info]-[PsdkPayloadNegotiate_Init:138]Waiting payload negotiate finish.[0m
[3164337.553][module_nego]-[32m[Info]-[PsdkPayloadNegotiate_Init:138]Waiting payload negotiate finish.[0m
[3164338.557][module_nego]-[32m[Info]-[PsdkPayloadNegotiate_Init:138]Waiting payload negotiate finish.[0m
[3164339.557][module_nego]-[32m[Info]-[PsdkPayloadNegotiate_Init:138]Waiting payload negotiate finish.[0m
[3164340.558][module_nego]-[32m[Info]-[PsdkPayloadNegotiate_Init:138]Waiting payload negotiate finish.[0m
[3164341.558][module_nego]-[32m[Info]-[PsdkPayloadNegotiate_Init:138]Waiting payload negotiate finish.[0m
[3164342.595][module_nego]-[32m[Info]-[PsdkPayloadNegotiate_RemoveDeviceSync:252]waiting payload negotiate finish.[0m
[3164342.615][module_nego]-[32m[Info]-[PsdkPayloadNegotiate_VersionHandle:293]Payload negotiate use dynamic ip config[0m
[3164343.072][module_nego]-[32m[Info]-[PsdkPayloadNegotiate_NotifyHandle:564]uav ip addr:192.168.110.1[0m
[3164343.595][module_nego]-[32m[Info]-[PsdkPayloadNegotiate_Init:155]Payload negotiate has finished.[0m
[230.911][module_nego]-[32m[Info]-[PsdkPayloadNegotiate_RemoveDeviceSync:252]waiting payload negotiate finish.[0m
[231.921][module_nego]-[32m[Info]-[PsdkPayloadNegotiate_RemoveDeviceSync:252]waiting payload negotiate finish.[0m
[232.043][module_nego]-[32m[Info]-[PsdkPayloadNegotiate_VersionHandle:293]Payload negotiate use dynamic ip config[0m
[232.307][module_nego]-[32m[Info]-[PsdkPayloadNegotiate_NotifyHandle:564]uav ip addr:192.168.110.1[0m
[232.915][module_user]-[32m[Info]- get video stream remote address:192.168.110.1_23003[0m
[234.921][module_user]-[32m[Info]- get data stream remote address: 192.168.110.1_23002[0m
[234.950][module_subscription]-[32m[Info]-[PsdkDataSubscription_ResetPublisherDb2AsyncCallback:1616]reset publisher success.[0m
[235.194][module_subscription]-[32m[Info]-[PsdkDataSubscription_RegTopicSync:603]Subscribe topic success.[0m
[235.214][module_subscription]-[32m[Info]-[PsdkDataSubscription_RegTopicSync:603]Subscribe topic success.[0m
[235.747][module_subscription]-[32m[Info]-[PsdkDataSubscription_RegTopicSync:603]Subscribe topic success.[0m
[236.819][module_subscription]-[32m[Info]-[PsdkDataSubscription_RegTopicSync:603]Subscribe topic success.[0m
[236.833][module_upgrade]-[32m[Info]-[PsdkUpgrade_Init:109]Upgrade transfer type is ftp, ftp port = 21[0m
[236.833][module_upgrade]-[32m[Info]-[PsdkUpgrade_EnableLocalUpgrade:118]Enable local upgrade[0m
[236.834][module_core]-[32m[Info]-[PsdkCore_ApplicationStart:199]Start application now.[0m
[237.656][module_command]-[33m[Warn]-[PsdkCommand_DealCmd:732]received invalid ack, sender: cmdset: 0x00 cmdid: 0x00[0m
[423.079][module_powermanagement]-[32m[Info]-[PsdkPowerManagement_RebootDeviceHandle:214]payload is ready to power off.[0m
[423.080][module_powermanagement]-[32m[Info]-[PsdkPowerManagement_RebootDeviceHandle:214]payload is ready to power off.[0m
[423.243][module_command]-[33m[Warn]-[PsdkCommand_ProtParse:568]protocol frame length error[0m
[423.244][module_command]-[33m[Warn]-[PsdkCommand_ProtParse:577]protocol frame crc8 error[0m
[423.245][module_command]-[33m[Warn]-[PsdkCommand_ProtParse:568]protocol frame length error[0m
[423.268][module_command]-[33m[Warn]-[PsdkCommand_ProtParse:568]protocol frame length error[0m
[423.268][module_command]-[33m[Warn]-[PsdkCommand_ProtParse:568]protocol frame length error[0m
[423.268][module_command]-[33m[Warn]-[PsdkCommand_ProtParse:568]protocol frame length error[0m
[423.270][module_command]-[33m[Warn]-[PsdkCommand_ProtParse:577]protocol frame crc8 error[0m
[423.280][module_command]-[33m[Warn]-[PsdkCommand_ProtParse:568]protocol frame length error[0m
[423.281][module_command]-[33m[Warn]-[PsdkCommand_ProtParse:568]protocol frame length error[0m
[423.292][module_command]-[33m[Warn]-[PsdkCommand_ProtParse:568]protocol frame length error[0m
[423.293][module_command]-[33m[Warn]-[PsdkCommand_ProtParse:568]protocol frame length error[0m
[423.303][module_command]-[33m[Warn]-[PsdkCommand_ProtParse:568]protocol frame length error[0m
[423.303][module_command]-[33m[Warn]-[PsdkCommand_ProtParse:568]protocol frame length error[0m
[423.305][module_command]-[33m[Warn]-[PsdkCommand_ProtParse:568]protocol frame length error[0m
[423.315][module_command]-[33m[Warn]-[PsdkCommand_ProtParse:568]protocol frame length error[0m
[423.328][module_command]-[33m[Warn]-[PsdkCommand_ProtParse:568]protocol frame length error[0m
[423.339][module_command]-[33m[Warn]-[PsdkCommand_ProtParse:568]protocol frame length error[0m
[423.340][module_command]-[33m[Warn]-[PsdkCommand_ProtParse:568]protocol frame length error[0m
[423.351][module_command]-[33m[Warn]-[PsdkCommand_ProtParse:568]protocol frame length error[0m
[423.351][module_command]-[33m[Warn]-[PsdkCommand_ProtParse:568]protocol frame length error[0m
[423.362][module_command]-[33m[Warn]-[PsdkCommand_ProtParse:568]protocol frame length error[0m
[423.388][module_command]-[33m[Warn]-[PsdkCommand_ProtParse:568]protocol frame length error[0m
[423.388][module_command]-[33m[Warn]-[PsdkCommand_ProtParse:568]protocol frame length error[0m
[423.390][module_command]-[33m[Warn]-[PsdkCommand_ProtParse:577]protocol frame crc8 error[0m
[423.400][module_command]-[33m[Warn]-[PsdkCommand_ProtParse:568]protocol frame length error[0m
[423.401][module_command]-[33m[Warn]-[PsdkCommand_ProtParse:568]protocol frame length error[0m
[423.402][module_command]-[33m[Warn]-[PsdkCommand_ProtParse:568]protocol frame length error[0m
[423.412][module_command]-[33m[Warn]-[PsdkCommand_ProtParse:568]protocol frame length error[0m
[423.425][module_command]-[33m[Warn]-[PsdkCommand_ProtParse:568]protocol frame length error[0m
[423.448][module_command]-[33m[Warn]-[PsdkCommand_ProtParse:577]protocol frame crc8 error[0m
[423.448][module_command]-[33m[Warn]-[PsdkCommand_ProtParse:568]protocol frame length error[0m
[423.449][module_command]-[33m[Warn]-[PsdkCommand_ProtParse:577]protocol frame crc8 error[0m
[423.460][module_command]-[33m[Warn]-[PsdkCommand_ProtParse:568]protocol frame length error[0m
[423.460][module_command]-[33m[Warn]-[PsdkCommand_ProtParse:568]protocol frame length error[0m
[423.471][module_command]-[33m[Warn]-[PsdkCommand_ProtParse:568]protocol frame length error[0m
[423.482][module_command]-[33m[Warn]-[PsdkCommand_ProtParse:568]protocol frame length error[0m
[423.485][module_command]-[33m[Warn]-[PsdkCommand_ProtParse:568]protocol frame length error[0m
[423.486][module_command]-[33m[Warn]-[PsdkCommand_ProtParse:577]protocol frame crc8 error[0m
[423.497][module_command]-[33m[Warn]-[PsdkCommand_ProtParse:568]protocol frame length error[0m
[423.508][module_command]-[33m[Warn]-[PsdkCommand_ProtParse:568]protocol frame length error[0m
[423.509][module_command]-[33m[Warn]-[PsdkCommand_ProtParse:568]protocol frame length error[0m
[423.509][module_command]-[33m[Warn]-[PsdkCommand_ProtParse:588]protocol frame crc16 error, exp:0xAF33 cur:0x0504[0m
[423.520][module_command]-[33m[Warn]-[PsdkCommand_ProtParse:568]protocol frame length error[0m
[423.531][module_command]-[33m[Warn]-[PsdkCommand_ProtParse:568]protocol frame length error[0m
[423.532][module_command]-[33m[Warn]-[PsdkCommand_ProtParse:568]protocol frame length error[0m
[423.542][module_command]-[33m[Warn]-[PsdkCommand_ProtParse:568]protocol frame length error[0m
[423.564][module_command]-[33m[Warn]-[PsdkCommand_ProtParse:568]protocol frame length error[0m
[423.564][module_command]-[33m[Warn]-[PsdkCommand_ProtParse:568]protocol frame length error[0m
[423.566][module_command]-[33m[Warn]-[PsdkCommand_ProtParse:568]protocol frame length error[0m
[423.566][module_command]-[33m[Warn]-[PsdkCommand_ProtParse:577]protocol frame crc8 error[0m
[423.590][module_command]-[33m[Warn]-[PsdkCommand_ProtParse:568]protocol frame length error[0m
[423.602][module_command]-[33m[Warn]-[PsdkCommand_ProtParse:568]protocol frame length error[0m
[423.602][module_command]-[33m[Warn]-[PsdkCommand_ProtParse:568]protocol frame length error[0m
[423.602][module_command]-[33m[Warn]-[PsdkCommand_ProtParse:568]protocol frame length error[0m
[423.603][module_command]-[33m[Warn]-[PsdkCommand_ProtParse:568]protocol frame length error[0m
[423.603][module_command]-[33m[Warn]-[PsdkCommand_ProtParse:568]protocol frame length error[0m
[423.604][module_command]-[33m[Warn]-[PsdkCommand_ProtParse:577]protocol frame crc8 error[0m
[423.605][module_command]-[33m[Warn]-[PsdkCommand_ProtParse:568]protocol frame length error[0m
[423.606][module_command]-[33m[Warn]-[PsdkCommand_ProtParse:588]protocol frame crc16 error, exp:0x4C9A cur:0x2312[0m
[423.628][module_command]-[33m[Warn]-[PsdkCommand_ProtParse:568]protocol frame length error[0m
[423.629][module_command]-[33m[Warn]-[PsdkCommand_ProtParse:568]protocol frame length error[0m
[423.670][module_command]-[33m[Warn]-[PsdkCommand_ProtParse:568]protocol frame length error[0m
[423.671][module_command]-[33m[Warn]-[PsdkCommand_ProtParse:577]protocol frame crc8 error[0m
[423.681][module_command]-[33m[Warn]-[PsdkCommand_ProtParse:568]protocol frame length error[0m
[423.682][module_command]-[33m[Warn]-[PsdkCommand_ProtParse:568]protocol frame length error[0m
[423.684][module_command]-[33m[Warn]-[PsdkCommand_ProtParse:577]protocol frame crc8 error[0m
[423.685][module_command]-[33m[Warn]-[PsdkCommand_ProtParse:568]protocol frame length error[0m
[423.687][module_command]-[33m[Warn]-[PsdkCommand_ProtParse:577]protocol frame crc8 error[0m
[423.698][module_command]-[33m[Warn]-[PsdkCommand_ProtParse:568]protocol frame length error[0m
[423.709][module_command]-[33m[Warn]-[PsdkCommand_ProtParse:568]protocol frame length error[0m
[423.720][module_command]-[33m[Warn]-[PsdkCommand_ProtParse:568]protocol frame length error[0m
[423.721][module_command]-[33m[Warn]-[PsdkCommand_ProtParse:577]protocol frame crc8 error[0m
[423.722][module_command]-[33m[Warn]-[PsdkCommand_ProtParse:568]protocol frame length error[0m
[423.723][module_command]-[33m[Warn]-[PsdkCommand_ProtParse:577]protocol frame crc8 error[0m
[423.723][module_command]-[33m[Warn]-[PsdkCommand_ProtParse:568]protocol frame length error[0m
[423.765][module_command]-[33m[Warn]-[PsdkCommand_ProtParse:568]protocol frame length error[0m
[423.786][module_command]-[33m[Warn]-[PsdkCommand_ProtParse:568]protocol frame length error[0m
[423.786][module_command]-[33m[Warn]-[PsdkCommand_ProtParse:568]protocol frame length error[0m
[423.787][module_command]-[33m[Warn]-[PsdkCommand_ProtParse:577]protocol frame crc8 error[0m
[423.800][module_command]-[33m[Warn]-[PsdkCommand_ProtParse:568]protocol frame length error[0m
[423.801][module_command]-[33m[Warn]-[PsdkCommand_ProtParse:568]protocol frame length error[0m
[423.802][module_command]-[33m[Warn]-[PsdkCommand_ProtParse:568]protocol frame length error[0m
[423.803][module_command]-[33m[Warn]-[PsdkCommand_ProtParse:568]protocol frame length error[0m
[423.804][module_command]-[33m[Warn]-[PsdkCommand_ProtParse:577]protocol frame crc8 error[0m
[423.817][module_command]-[33m[Warn]-[PsdkCommand_ProtParse:577]protocol frame crc8 error[0m
[423.827][module_command]-[33m[Warn]-[PsdkCommand_ProtParse:568]protocol frame length error[0m
[423.838][module_command]-[33m[Warn]-[PsdkCommand_ProtParse:568]protocol frame length error[0m
[423.839][module_command]-[33m[Warn]-[PsdkCommand_ProtParse:577]protocol frame crc8 error[0m
[423.840][module_command]-[33m[Warn]-[PsdkCommand_ProtParse:568]protocol frame length error[0m
[423.840][module_command]-[33m[Warn]-[PsdkCommand_ProtParse:577]protocol frame crc8 error[0m
[423.872][module_command]-[33m[Warn]-[PsdkCommand_ProtParse:568]protocol frame length error[0m
[423.893][module_command]-[33m[Warn]-[PsdkCommand_ProtParse:568]protocol frame length error[0m
[423.904][module_command]-[33m[Warn]-[PsdkCommand_ProtParse:568]protocol frame length error[0m
[423.904][module_command]-[33m[Warn]-[PsdkCommand_ProtParse:568]protocol frame length error[0m
[423.915][module_command]-[33m[Warn]-[PsdkCommand_ProtParse:568]protocol frame length error[0m
[423.917][module_command]-[33m[Warn]-[PsdkCommand_ProtParse:577]protocol frame crc8 error[0m
[423.918][module_command]-[33m[Warn]-[PsdkCommand_ProtParse:577]protocol frame crc8 error[0m
[423.919][module_command]-[33m[Warn]-[PsdkCommand_ProtParse:568]protocol frame length error[0m
[423.922][module_command]-[33m[Warn]-[PsdkCommand_ProtParse:577]protocol frame crc8 error[0m
[423.945][module_command]-[33m[Warn]-[PsdkCommand_ProtParse:568]protocol frame length error[0m
[423.956][module_command]-[33m[Warn]-[PsdkCommand_ProtParse:568]protocol frame length error[0m
[423.958][module_command]-[33m[Warn]-[PsdkCommand_ProtParse:568]protocol frame length error[0m
[423.958][module_command]-[33m[Warn]-[PsdkCommand_ProtParse:568]protocol frame length error[0m
[423.958][module_command]-[33m[Warn]-[PsdkCommand_ProtParse:568]protocol frame length error[0m
[423.959][module_command]-[33m[Warn]-[PsdkCommand_ProtParse:568]protocol frame length error[0m
[423.969][module_command]-[33m[Warn]-[PsdkCommand_ProtParse:568]protocol frame length error[0m
[423.980][module_command]-[33m[Warn]-[PsdkCommand_ProtParse:568]protocol frame length error[0m
[423.990][module_command]-[33m[Warn]-[PsdkCommand_ProtParse:568]protocol frame length error[0m
[424.001][module_flowcontroller]-[31m[Error]-[PsdkFlowController_TryPutDataToBuffer:785]put data to buffer error: 0x00000102.[0m
[424.001][module_flowcontroller]-[31m[Error]-[PsdkFlowController_SendData:353]try to put data to buffer error: 0x00000102.[0m
[424.011][module_command]-[33m[Warn]-[PsdkCommand_ProtParse:568]protocol frame length error[0m
[424.011][module_flowcontroller]-[31m[Error]-[PsdkFlowController_TryPutDataToBuffer:785]put data to buffer error: 0x00000102.[0m
[424.011][module_flowcontroller]-[31m[Error]-[PsdkFlowController_SendData:353]try to put data to buffer error: 0x00000102.[0m
[424.022][module_command]-[33m[Warn]-[PsdkCommand_ProtParse:568]protocol frame length error[0m
[424.022][module_command]-[33m[Warn]-[PsdkCommand_ProtParse:568]protocol frame length error[0m
[424.033][module_command]-[33m[Warn]-[PsdkCommand_ProtParse:568]protocol frame length error[0m
[424.108][module_flowcontroller]-[31m[Error]-[PsdkFlowController_TryPutDataToBuffer:785]put data to buffer error: 0x00000102.[0m
[424.108][module_flowcontroller]-[31m[Error]-[PsdkFlowController_SendData:353]try to put data to buffer error: 0x00000102.[0m
[424.118][module_flowcontroller]-[31m[Error]-[PsdkFlowController_TryPutDataToBuffer:785]put data to buffer error: 0x00000102.[0m
[424.118][module_flowcontroller]-[31m[Error]-[PsdkFlowController_SendData:353]try to put data to buffer error: 0x00000102.[0m
[424.525][module_command]-[31m[Error]-[PsdkCommand_SendASyncHandle:866]Command async send error 1[0m
[424.525][module_nego]-[33m[Warn]-[PsdkPayloadNegotiate_CheckPingStatusASyncCallback:650]connect status async timeout[0m
[425.612][module_command]-[31m[Error]-[PsdkCommand_SendASyncHandle:866]Command async send error 2[0m
[425.612][module_nego]-[33m[Warn]-[PsdkPayloadNegotiate_CheckPingStatusASyncCallback:650]connect status async timeout[0m
[426.444][module_command]-[33m[Warn]-[PsdkCommand_SendASyncHandle:858]Command async send retry: index = 0, retryTimes = 1, cmdSet = 0, cmdId = 88[0m
[426.626][module_command]-[31m[Error]-[PsdkCommand_SendASyncHandle:866]Command async send error 2[0m
[426.626][module_nego]-[33m[Warn]-[PsdkPayloadNegotiate_CheckPingStatusASyncCallback:650]connect status async timeout[0m
